<?xml version="1.0" encoding="UTF-8"?>
<!-- Generated by org.testng.reporters.JUnitXMLReporter -->
<testsuite hostname="SRIMAMID-IN" failures="1" tests="3" name="testngTest" time="0.05" errors="0" timestamp="2 Feb 2021 16:48:40 GMT">
  <testcase classname="pack1.LoginandHomePageTest" name="ahomePageTest" time="0.016"/>
  <testcase classname="pack1.LoginandHomePageTest" name="bhomePageTitleTest" time="0.001"/>
  <testcase classname="pack1.LoginandHomePageTest" name="csubjectPageTest" time="0.001">
    <failure type="java.lang.AssertionError" message="expected:&amp;lt;st&amp;gt; but was:&amp;lt;st1&amp;gt;">
      <![CDATA[java.lang.AssertionError: expected:<st> but was:<st1>
	at pack1.LoginandHomePageTest.csubjectPageTest(LoginandHomePageTest.java:56)
... Removed 29 stack frames]]>
    </failure>
  </testcase>
</testsuite>
